#
# A fatal error has been detected by the Java Runtime Environment:
#
#  EXCEPTION_ACCESS_VIOLATION (0xc0000005) at pc=0x00007ff8e46722c1, pid=9260, tid=8984
#
# JRE version: OpenJDK Runtime Environment Temurin-18.0.1+10 (18.0.1+10) (build 18.0.1+10)
# Java VM: OpenJDK 64-Bit Server VM Temurin-18.0.1+10 (18.0.1+10, mixed mode, emulated-client, tiered, compressed oops, compressed class ptrs, g1 gc, windows-amd64)
# Problematic frame:
# V  [jvm.dll+0x3122c1]
#
# No core dump will be written. Minidumps are not enabled by default on client versions of Windows
#
# If you would like to submit a bug report, please visit:
#   https://github.com/adoptium/adoptium-support/issues
#

---------------  S U M M A R Y ------------

Command Line: -XX:+ShowCodeDetailsInExceptionMessages -agentlib:jdwp=transport=dt_socket,suspend=y,address=localhost:64096 -Dcom.sun.management.jmxremote -Dcom.sun.management.jmxremote.port=64092 -Dcom.sun.management.jmxremote.authenticate=false -Dcom.sun.management.jmxremote.ssl=false -Djava.rmi.server.hostname=localhost -Dspring.jmx.enabled=true -Dspring.application.admin.enabled=true -XX:TieredStopAtLevel=1 -Dspring.boot.project.name=cathayDemo -javaagent:C:\Users\rich8\eclipse\jee-2022-03\eclipse\configuration\org.eclipse.osgi\422\0\.cp\lib\javaagent-shaded.jar -Dfile.encoding=UTF-8 com.cathey.tw.api.CathayDemoApplication

Host: Intel(R) Core(TM) i7-8700 CPU @ 3.20GHz, 12 cores, 15G,  Windows 10 , 64 bit Build 19041 (10.0.19041.2364)
Time: Sun Jan  8 18:20:15 2023  Windows 10 , 64 bit Build 19041 (10.0.19041.2364) elapsed time: 1279.954521 seconds (0d 0h 21m 19s)

---------------  T H R E A D  ---------------

Current thread (0x000001a5c037d340):  WorkerThread "GC Thread#7" [stack: 0x000000945cc00000,0x000000945cd00000] [id=8984]

Stack: [0x000000945cc00000,0x000000945cd00000],  sp=0x000000945ccfe4f0,  free space=1017k
Native frames: (J=compiled Java code, j=interpreted, Vv=VM code, C=native code)
V  [jvm.dll+0x3122c1]
V  [jvm.dll+0x3121b2]
V  [jvm.dll+0x2e8db8]
V  [jvm.dll+0x2e86e1]
V  [jvm.dll+0x2e8675]
V  [jvm.dll+0x7fbe46]
V  [jvm.dll+0x7fbcd9]
V  [jvm.dll+0x7fc2b0]
V  [jvm.dll+0x3392dc]
V  [jvm.dll+0x339394]
V  [jvm.dll+0x315a65]
V  [jvm.dll+0x877764]
V  [jvm.dll+0x7f814a]
V  [jvm.dll+0x69bba5]
C  [ucrtbase.dll+0x21bb2]
C  [KERNEL32.DLL+0x17614]
C  [ntdll.dll+0x526a1]

JavaThread 0x000001a5c274bbd0 (nid = 15176) was being processed
Java frames: (J=compiled Java code, j=interpreted, Vv=VM code)
j  java.lang.invoke.DirectMethodHandle$Holder.invokeVirtual(Ljava/lang/Object;Ljava/lang/Object;)Ljava/lang/Object;+10 java.base@18.0.1
J 2562 c1 java.lang.invoke.LambdaForm$MH+0x00000008000c1000.invoke(Ljava/lang/Object;Ljava/lang/Object;)Ljava/lang/Object; java.base@18.0.1 (35 bytes) @ 0x000001a5ac103834 [0x000001a5ac103740+0x00000000000000f4]
J 4363 c1 java.lang.reflect.Method.invoke(Ljava/lang/Object;[Ljava/lang/Object;)Ljava/lang/Object; java.base@18.0.1 (108 bytes) @ 0x000001a5ac44b604 [0x000001a5ac44aae0+0x0000000000000b24]
j  org.springframework.web.method.support.InvocableHandlerMethod.doInvoke([Ljava/lang/Object;)Ljava/lang/Object;+29
j  org.springframework.web.method.support.InvocableHandlerMethod.invokeForRequest(Lorg/springframework/web/context/request/NativeWebRequest;Lorg/springframework/web/method/support/ModelAndViewContainer;[Ljava/lang/Object;)Ljava/lang/Object;+41
j  org.springframework.web.servlet.mvc.method.annotation.ServletInvocableHandlerMethod.invokeAndHandle(Lorg/springframework/web/context/request/ServletWebRequest;Lorg/springframework/web/method/support/ModelAndViewContainer;[Ljava/lang/Object;)V+4
j  org.springframework.web.servlet.mvc.method.annotation.RequestMappingHandlerAdapter.invokeHandlerMethod(Ljakarta/servlet/http/HttpServletRequest;Ljakarta/servlet/http/HttpServletResponse;Lorg/springframework/web/method/HandlerMethod;)Lorg/springframework/web/servlet/ModelAndView;+244
j  org.springframework.web.servlet.mvc.method.annotation.RequestMappingHandlerAdapter.handleInternal(Ljakarta/servlet/http/HttpServletRequest;Ljakarta/servlet/http/HttpServletResponse;Lorg/springframework/web/method/HandlerMethod;)Lorg/springframework/web/servlet/ModelAndView;+81
j  org.springframework.web.servlet.mvc.method.AbstractHandlerMethodAdapter.handle(Ljakarta/servlet/http/HttpServletRequest;Ljakarta/servlet/http/HttpServletResponse;Ljava/lang/Object;)Lorg/springframework/web/servlet/ModelAndView;+7
j  org.springframework.web.servlet.DispatcherServlet.doDispatch(Ljakarta/servlet/http/HttpServletRequest;Ljakarta/servlet/http/HttpServletResponse;)V+259
j  org.springframework.web.servlet.DispatcherServlet.doService(Ljakarta/servlet/http/HttpServletRequest;Ljakarta/servlet/http/HttpServletResponse;)V+242
j  org.springframework.web.servlet.FrameworkServlet.processRequest(Ljakarta/servlet/http/HttpServletRequest;Ljakarta/servlet/http/HttpServletResponse;)V+70
j  org.springframework.web.servlet.FrameworkServlet.doGet(Ljakarta/servlet/http/HttpServletRequest;Ljakarta/servlet/http/HttpServletResponse;)V+3
j  jakarta.servlet.http.HttpServlet.service(Ljakarta/servlet/http/HttpServletRequest;Ljakarta/servlet/http/HttpServletResponse;)V+35
j  org.springframework.web.servlet.FrameworkServlet.service(Ljakarta/servlet/http/HttpServletRequest;Ljakarta/servlet/http/HttpServletResponse;)V+20
j  jakarta.servlet.http.HttpServlet.service(Ljakarta/servlet/ServletRequest;Ljakarta/servlet/ServletResponse;)V+36
j  org.apache.catalina.core.ApplicationFilterChain.internalDoFilter(Ljakarta/servlet/ServletRequest;Ljakarta/servlet/ServletResponse;)V+305
j  org.apache.catalina.core.ApplicationFilterChain.doFilter(Ljakarta/servlet/ServletRequest;Ljakarta/servlet/ServletResponse;)V+99
j  org.apache.tomcat.websocket.server.WsFilter.doFilter(Ljakarta/servlet/ServletRequest;Ljakarta/servlet/ServletResponse;Ljakarta/servlet/FilterChain;)V+21
j  org.apache.catalina.core.ApplicationFilterChain.internalDoFilter(Ljakarta/servlet/ServletRequest;Ljakarta/servlet/ServletResponse;)V+135
j  org.apache.catalina.core.ApplicationFilterChain.doFilter(Ljakarta/servlet/ServletRequest;Ljakarta/servlet/ServletResponse;)V+99
j  org.springframework.web.filter.RequestContextFilter.doFilterInternal(Ljakarta/servlet/http/HttpServletRequest;Ljakarta/servlet/http/HttpServletResponse;Ljakarta/servlet/FilterChain;)V+21
j  org.springframework.web.filter.OncePerRequestFilter.doFilter(Ljakarta/servlet/ServletRequest;Ljakarta/servlet/ServletResponse;Ljakarta/servlet/FilterChain;)V+150
j  org.apache.catalina.core.ApplicationFilterChain.internalDoFilter(Ljakarta/servlet/ServletRequest;Ljakarta/servlet/ServletResponse;)V+135
j  org.apache.catalina.core.ApplicationFilterChain.doFilter(Ljakarta/servlet/ServletRequest;Ljakarta/servlet/ServletResponse;)V+99
j  org.springframework.web.filter.FormContentFilter.doFilterInternal(Ljakarta/servlet/http/HttpServletRequest;Ljakarta/servlet/http/HttpServletResponse;Ljakarta/servlet/FilterChain;)V+38
j  org.springframework.web.filter.OncePerRequestFilter.doFilter(Ljakarta/servlet/ServletRequest;Ljakarta/servlet/ServletResponse;Ljakarta/servlet/FilterChain;)V+150
j  org.apache.catalina.core.ApplicationFilterChain.internalDoFilter(Ljakarta/servlet/ServletRequest;Ljakarta/servlet/ServletResponse;)V+135
j  org.apache.catalina.core.ApplicationFilterChain.doFilter(Ljakarta/servlet/ServletRequest;Ljakarta/servlet/ServletResponse;)V+99
j  org.springframework.web.filter.CharacterEncodingFilter.doFilterInternal(Ljakarta/servlet/http/HttpServletRequest;Ljakarta/servlet/http/HttpServletResponse;Ljakarta/servlet/FilterChain;)V+53
j  org.springframework.web.filter.OncePerRequestFilter.doFilter(Ljakarta/servlet/ServletRequest;Ljakarta/servlet/ServletResponse;Ljakarta/servlet/FilterChain;)V+150
j  org.apache.catalina.core.ApplicationFilterChain.internalDoFilter(Ljakarta/servlet/ServletRequest;Ljakarta/servlet/ServletResponse;)V+135
j  org.apache.catalina.core.ApplicationFilterChain.doFilter(Ljakarta/servlet/ServletRequest;Ljakarta/servlet/ServletResponse;)V+99
j  org.apache.catalina.core.StandardWrapperValve.invoke(Lorg/apache/catalina/connector/Request;Lorg/apache/catalina/connector/Response;)V+514
j  org.apache.catalina.core.StandardContextValve.invoke(Lorg/apache/catalina/connector/Request;Lorg/apache/catalina/connector/Response;)V+169
j  org.apache.catalina.authenticator.AuthenticatorBase.invoke(Lorg/apache/catalina/connector/Request;Lorg/apache/catalina/connector/Response;)V+218
j  org.apache.catalina.core.StandardHostValve.invoke(Lorg/apache/catalina/connector/Request;Lorg/apache/catalina/connector/Response;)V+131
j  org.apache.catalina.valves.ErrorReportValve.invoke(Lorg/apache/catalina/connector/Request;Lorg/apache/catalina/connector/Response;)V+6
j  org.apache.catalina.core.StandardEngineValve.invoke(Lorg/apache/catalina/connector/Request;Lorg/apache/catalina/connector/Response;)V+59
j  org.apache.catalina.connector.CoyoteAdapter.service(Lorg/apache/coyote/Request;Lorg/apache/coyote/Response;)V+203
j  org.apache.coyote.http11.Http11Processor.service(Lorg/apache/tomcat/util/net/SocketWrapperBase;)Lorg/apache/tomcat/util/net/AbstractEndpoint$Handler$SocketState;+785
j  org.apache.coyote.AbstractProcessorLight.process(Lorg/apache/tomcat/util/net/SocketWrapperBase;Lorg/apache/tomcat/util/net/SocketEvent;)Lorg/apache/tomcat/util/net/AbstractEndpoint$Handler$SocketState;+152
j  org.apache.coyote.AbstractProtocol$ConnectionHandler.process(Lorg/apache/tomcat/util/net/SocketWrapperBase;Lorg/apache/tomcat/util/net/SocketEvent;)Lorg/apache/tomcat/util/net/AbstractEndpoint$Handler$SocketState;+482
j  org.apache.tomcat.util.net.NioEndpoint$SocketProcessor.doRun()V+249
j  org.apache.tomcat.util.net.SocketProcessorBase.run()V+32
j  org.apache.tomcat.util.threads.ThreadPoolExecutor.runWorker(Lorg/apache/tomcat/util/threads/ThreadPoolExecutor$Worker;)V+92
j  org.apache.tomcat.util.threads.ThreadPoolExecutor$Worker.run()V+5
j  org.apache.tomcat.util.threads.TaskThread$WrappingRunnable.run()V+4
j  java.lang.Thread.run()V+11 java.base@18.0.1
v  ~StubRoutines::call_stub

siginfo: EXCEPTION_ACCESS_VIOLATION (0xc0000005), reading address 0x000001a7e5c77f50


Register to memory mapping:

RIP=0x00007ff8e46722c1 jvm.dll
RAX=0x000001a5b0530000 points into unknown readable memory: 0x0000000000000001 | 01 00 00 00 00 00 00 00
RBX=0x000001a5a83a49f0 points into unknown readable memory: 0x00007ff8e4cd7560 | 60 75 cd e4 f8 7f 00 00
RCX=0x00000000000000b2 is an unknown value
RDX=0x00000011aba3fab2 is an unknown value
RSP=0x000000945ccfe4f0 points into unknown readable memory: 0x0000000000000002 | 02 00 00 00 00 00 00 00
RBP=0x000000945ccfe660 points into unknown readable memory: 0x000001a5c274d8b0 | b0 d8 74 c2 a5 01 00 00
RSI=0x000001a5c0023680 points into unknown readable memory: 0x000000945b3ff140 | 40 f1 3f 5b 94 00 00 00
RDI=0x000000945e1fd590 is pointing into the stack for thread: 0x000001a5c274bbd0
R8 =0x000001a7e5c77f50 is an unknown value
R9 =0x000001a5bb774f08 is pointing into metadata
R10=0x0000000000000002 is an unknown value
R11=0x000000945ccfe6d8 points into unknown readable memory: 0x00007ff8e46486e1 | e1 86 64 e4 f8 7f 00 00
R12=0x000001a5bf442810 points into unknown readable memory: 0x4c2800438d59ffff | ff ff 59 8d 43 00 28 4c
R13=0x000001a5c02cd870 points into unknown readable memory: 0x616e616d00000002 | 02 00 00 00 6d 61 6e 61
R14=0x0000000000000003 is an unknown value
R15=0x0000000000000003 is an unknown value


Registers:
RAX=0x000001a5b0530000, RBX=0x000001a5a83a49f0, RCX=0x00000000000000b2, RDX=0x00000011aba3fab2
RSP=0x000000945ccfe4f0, RBP=0x000000945ccfe660, RSI=0x000001a5c0023680, RDI=0x000000945e1fd590
R8 =0x000001a7e5c77f50, R9 =0x000001a5bb774f08, R10=0x0000000000000002, R11=0x000000945ccfe6d8
R12=0x000001a5bf442810, R13=0x000001a5c02cd870, R14=0x0000000000000003, R15=0x0000000000000003
RIP=0x00007ff8e46722c1, EFLAGS=0x0000000000010203

Top of Stack: (sp=0x000000945ccfe4f0)
0x000000945ccfe4f0:   0000000000000002 00007ff8e4ac9ea4
0x000000945ccfe500:   0000000000000000 000001a5c0023c30
0x000000945ccfe510:   000001a5bb445ed3 00000000000000b9
0x000000945ccfe520:   000001a5c0023680 00007ff8e46721b2
0x000000945ccfe530:   000000945e1fd590 000001a5c0023c30
0x000000945ccfe540:   000001a5bb076d90 0000000000000000
0x000000945ccfe550:   0000000000000000 00007ff8e4648db8
0x000000945ccfe560:   000000945ccfe7d0 00007ff8e4ef5f00
0x000000945ccfe570:   000000945ccfe7d0 000001a5bb445ef0
0x000000945ccfe580:   000000025e4f0001 000001a5bb779a60
0x000000945ccfe590:   000001a5c037d340 000001a50000000a
0x000000945ccfe5a0:   000001a5bf692730 000001a5bf442810
0x000000945ccfe5b0:   000078e900000063 0000000000000000
0x000000945ccfe5c0:   000001a5c0023c30 00007f0000000001
0x000000945ccfe5d0:   000000945ccfe7d0 00000000000003d8
0x000000945ccfe5e0:   000001a5bf692740 000001a5bf692b18 

Instructions: (pc=0x00007ff8e46722c1)
0x00007ff8e46721c1:   00 48 8b 7c 24 30 48 83 c4 20 5b c3 cc cc cc 40
0x00007ff8e46721d1:   57 48 83 ec 20 8b 02 48 8b f9 85 c0 74 3b 8b 0d
0x00007ff8e46721e1:   db b7 81 00 48 8b 7f 10 48 89 5c 24 30 8b d8 48
0x00007ff8e46721f1:   d3 e3 48 8b cf 48 03 1d bb b7 81 00 48 8b d3 e8
0x00007ff8e4672201:   5b 00 00 00 84 c0 74 0c 48 8d 4f 18 48 8b d3 e8
0x00007ff8e4672211:   3b 06 00 00 48 8b 5c 24 30 48 83 c4 20 5f c3 e9
0x00007ff8e4672221:   2b 4e 00 00 cc cc cc cc cc cc cc cc cc cc cc e9
0x00007ff8e4672231:   7b 51 00 00 cc cc cc cc cc cc cc cc cc cc cc 48
0x00007ff8e4672241:   8b 01 48 8b 80 80 05 00 00 48 8b 80 98 00 00 00
0x00007ff8e4672251:   c3 cc cc cc cc cc cc cc cc cc cc cc cc cc cc 48
0x00007ff8e4672261:   89 5c 24 08 48 89 74 24 10 57 48 83 ec 30 48 8b
0x00007ff8e4672271:   01 48 8b f1 4c 8b c2 48 8b fa 8b 88 10 03 00 00
0x00007ff8e4672281:   48 8b 80 00 03 00 00 49 d3 e8 41 80 3c 00 02 74
0x00007ff8e4672291:   60 48 8b 5e 10 48 8b cb 48 8b 03 ff 10 8b 4b 18
0x00007ff8e46722a1:   48 8b d7 48 2b 53 08 48 8b 43 20 48 c1 ea 03 48
0x00007ff8e46722b1:   d3 ea 48 8b ca 48 c1 e9 06 4c 8d 04 c8 0f b6 ca
0x00007ff8e46722c1:   49 8b 00 80 e1 3f ba 01 00 00 00 48 d3 e2 48 8b
0x00007ff8e46722d1:   c8 48 0b ca 48 3b c8 74 18 66 0f 1f 44 00 00 f0
0x00007ff8e46722e1:   49 0f b1 08 74 1d 48 8b c8 48 0b ca 48 3b c8 75
0x00007ff8e46722f1:   ee 32 c0 48 8b 5c 24 40 48 8b 74 24 48 48 83 c4
0x00007ff8e4672301:   30 5f c3 48 8b 07 0f b6 c8 80 e1 03 80 f9 01 75
0x00007ff8e4672311:   0f 48 b9 00 ff ff ff 7f 00 00 00 48 85 c1 74 5d
0x00007ff8e4672321:   48 8b 16 4c 8b c7 8b 8a 10 03 00 00 49 d3 e8 48
0x00007ff8e4672331:   8b 8a 00 03 00 00 41 80 3c 08 00 75 40 48 8b 9e
0x00007ff8e4672341:   a8 05 00 00 48 89 7c 24 20 48 89 44 24 28 48 8b
0x00007ff8e4672351:   53 20 48 3b 53 08 75 0a 48 8b cb e8 4f 49 f5 ff
0x00007ff8e4672361:   33 d2 48 8b 43 38 48 8b ca 0f 10 44 24 20 48 03
0x00007ff8e4672371:   c9 0f 11 04 c8 48 8d 42 01 48 89 43 20 80 3d 5c
0x00007ff8e4672381:   13 8b 00 00 74 46 80 3d 83 3e 89 00 00 74 15 8b
0x00007ff8e4672391:   47 08 8b 0d 37 b6 81 00 48 d3 e0 48 03 05 25 b6
0x00007ff8e46723a1:   81 00 eb 04 48 8b 47 08 48 3b 05 d8 dd 8c 00 75
0x00007ff8e46723b1:   1b 48 8b cf e8 b6 85 02 00 84 c0 74 0f 48 8d 8e 


Stack slot to memory mapping:
stack at sp + 0 slots: 0x0000000000000002 is an unknown value
stack at sp + 1 slots: 0x00007ff8e4ac9ea4 jvm.dll
stack at sp + 2 slots: 0x0 is NULL
stack at sp + 3 slots: 0x000001a5c0023c30 points into unknown readable memory: 0x00007ff8e4cd9738 | 38 97 cd e4 f8 7f 00 00
stack at sp + 4 slots: 0x000001a5bb445ed3 is pointing into metadata
stack at sp + 5 slots: 0x00000000000000b9 is an unknown value
stack at sp + 6 slots: 0x000001a5c0023680 points into unknown readable memory: 0x000000945b3ff140 | 40 f1 3f 5b 94 00 00 00
stack at sp + 7 slots: 0x00007ff8e46721b2 jvm.dll


---------------  P R O C E S S  ---------------

Threads class SMR info:
_java_thread_list=0x000001a5c09db9a0, length=23, elements={
0x000001a5bb1de550, 0x000001a5bb1e19b0, 0x000001a5bb1f6630, 0x000001a5bf41e010,
0x000001a5bf41e8c0, 0x000001a5bf41f170, 0x000001a5bf423060, 0x000001a5bf423950,
0x000001a5bf44c9d0, 0x000001a5bf682ea0, 0x000001a5bf683f20, 0x000001a5bf686c30,
0x000001a5c01def30, 0x000001a5c02d3fb0, 0x000001a5c02b7990, 0x000001a5bf68b4a0,
0x000001a5c0795990, 0x000001a5c0798010, 0x000001a5c0796330, 0x000001a5c0797670,
0x000001a5c2749080, 0x000001a5c274bbd0, 0x000001a5c274c0a0
}

Java Threads: ( => current thread )
  0x000001a5bb1de550 JavaThread "Reference Handler" daemon [_thread_blocked, id=10200, stack(0x000000945b400000,0x000000945b500000)]
  0x000001a5bb1e19b0 JavaThread "Finalizer" daemon [_thread_blocked, id=9648, stack(0x000000945b500000,0x000000945b600000)]
  0x000001a5bb1f6630 JavaThread "Signal Dispatcher" daemon [_thread_blocked, id=9908, stack(0x000000945b600000,0x000000945b700000)]
  0x000001a5bf41e010 JavaThread "Attach Listener" daemon [_thread_blocked, id=12884, stack(0x000000945b700000,0x000000945b800000)]
  0x000001a5bf41e8c0 JavaThread "Service Thread" daemon [_thread_blocked, id=3164, stack(0x000000945b800000,0x000000945b900000)]
  0x000001a5bf41f170 JavaThread "Monitor Deflation Thread" daemon [_thread_blocked, id=13684, stack(0x000000945b900000,0x000000945ba00000)]
  0x000001a5bf423060 JavaThread "C1 CompilerThread0" daemon [_thread_blocked, id=13108, stack(0x000000945ba00000,0x000000945bb00000)]
  0x000001a5bf423950 JavaThread "Sweeper thread" daemon [_thread_blocked, id=7960, stack(0x000000945bb00000,0x000000945bc00000)]
  0x000001a5bf44c9d0 JavaThread "Common-Cleaner" daemon [_thread_blocked, id=9372, stack(0x000000945bc00000,0x000000945bd00000)]
  0x000001a5bf682ea0 JavaThread "JDWP Transport Listener: dt_socket" daemon [_thread_blocked, id=9512, stack(0x000000945c000000,0x000000945c100000)]
  0x000001a5bf683f20 JavaThread "JDWP Event Helper Thread" daemon [_thread_blocked, id=7328, stack(0x000000945c100000,0x000000945c200000)]
  0x000001a5bf686c30 JavaThread "JDWP Command Reader" daemon [_thread_blocked, id=15272, stack(0x000000945c200000,0x000000945c300000)]
  0x000001a5c01def30 JavaThread "Notification Thread" daemon [_thread_blocked, id=14684, stack(0x000000945c300000,0x000000945c400000)]
  0x000001a5c02d3fb0 JavaThread "RMI TCP Accept-0" daemon [_thread_in_native, id=4980, stack(0x000000945c400000,0x000000945c500000)]
  0x000001a5c02b7990 JavaThread "RMI TCP Accept-64092" daemon [_thread_in_native, id=16256, stack(0x000000945c500000,0x000000945c600000)]
  0x000001a5bf68b4a0 JavaThread "RMI TCP Accept-0" daemon [_thread_in_native, id=14664, stack(0x000000945d000000,0x000000945d100000)]
  0x000001a5c0795990 JavaThread "RMI Scheduler(0)" daemon [_thread_blocked, id=16268, stack(0x000000945d600000,0x000000945d700000)]
  0x000001a5c0798010 JavaThread "RMI TCP Connection(idle)" daemon [_thread_blocked, id=17124, stack(0x000000945d700000,0x000000945d800000)]
  0x000001a5c0796330 JavaThread "JMX server connection timeout 29" daemon [_thread_blocked, id=12136, stack(0x000000945d800000,0x000000945d900000)]
  0x000001a5c0797670 JavaThread "Live Reload Server" daemon [_thread_in_native, id=4864, stack(0x000000945e000000,0x000000945e100000)]
  0x000001a5c2749080 JavaThread "DestroyJavaVM" [_thread_blocked, id=9284, stack(0x000000945ad00000,0x000000945ae00000)]
  0x000001a5c274bbd0 JavaThread "http-nio-8080-exec-4" daemon [_thread_blocked, id=15176, stack(0x000000945e100000,0x000000945e200000)]
  0x000001a5c274c0a0 JavaThread "Thread-28" [_thread_blocked, id=12688, stack(0x000000945aa00000,0x000000945ab00000)]

Other Threads:
  0x000001a5bb1c9220 VMThread "VM Thread" [stack: 0x000000945b300000,0x000000945b400000] [id=9808]
  0x000001a5bf68b960 WatcherThread "VM Periodic Task Thread" [stack: 0x000000945d100000,0x000000945d200000] [id=8760]
  0x000001a5a83a44e0 WorkerThread "GC Thread#0" [stack: 0x000000945ae00000,0x000000945af00000] [id=13264]
  0x000001a5c02e02d0 WorkerThread "GC Thread#1" [stack: 0x000000945c600000,0x000000945c700000] [id=5576]
  0x000001a5c02e0570 WorkerThread "GC Thread#2" [stack: 0x000000945c700000,0x000000945c800000] [id=17236]
  0x000001a5c02e0810 WorkerThread "GC Thread#3" [stack: 0x000000945c800000,0x000000945c900000] [id=5340]
  0x000001a5c02e0ec0 WorkerThread "GC Thread#4" [stack: 0x000000945c900000,0x000000945ca00000] [id=16328]
  0x000001a5c02e1980 WorkerThread "GC Thread#5" [stack: 0x000000945ca00000,0x000000945cb00000] [id=15224]
  0x000001a5c037b090 WorkerThread "GC Thread#6" [stack: 0x000000945cb00000,0x000000945cc00000] [id=2720]
=>0x000001a5c037d340 WorkerThread "GC Thread#7" [stack: 0x000000945cc00000,0x000000945cd00000] [id=8984]
  0x000001a5c037d5e0 WorkerThread "GC Thread#8" [stack: 0x000000945cd00000,0x000000945ce00000] [id=12504]
  0x000001a5c037d880 WorkerThread "GC Thread#9" [stack: 0x000000945ce00000,0x000000945cf00000] [id=5392]
  0x000001a5a83b59c0 ConcurrentGCThread "G1 Main Marker" [stack: 0x000000945af00000,0x000000945b000000] [id=13432]
  0x000001a5a83b62c0 WorkerThread "G1 Conc#0" [stack: 0x000000945b000000,0x000000945b100000] [id=16132]
  0x000001a5c09162c0 WorkerThread "G1 Conc#1" [stack: 0x000000945d400000,0x000000945d500000] [id=8408]
  0x000001a5c0916d40 WorkerThread "G1 Conc#2" [stack: 0x000000945d900000,0x000000945da00000] [id=10512]
  0x000001a5bb020570 ConcurrentGCThread "G1 Refine#0" [stack: 0x000000945b100000,0x000000945b200000] [id=6216]
  0x000001a5c02e3470 ConcurrentGCThread "G1 Refine#1" [stack: 0x000000945cf00000,0x000000945d000000] [id=9192]
  0x000001a5bb020c30 ConcurrentGCThread "G1 Service" [stack: 0x000000945b200000,0x000000945b300000] [id=15896]

Threads with active compile tasks:
C1 CompilerThread0  1280037 7784       1       ch.qos.logback.core.pattern.PatternLayoutBase::writeLoopOnConverters (39 bytes)

VM state: at safepoint (normal execution)

VM Mutex/Monitor currently owned by a thread:  ([mutex/lock_event])
[0x000001a5a832ce90] Threads_lock - owner thread: 0x000001a5bb1c9220
[0x000001a5a832cfb0] Heap_lock - owner thread: 0x000001a5c274c0a0

Heap address: 0x0000000701000000, size: 4080 MB, Compressed Oops mode: Zero based, Oop shift amount: 3

CDS archive(s) not mapped
Compressed class space mapped at: 0x0000000800000000-0x0000000840000000, reserved size: 1073741824
Narrow klass base: 0x0000000800000000, Narrow klass shift: 0, Narrow klass range: 0x40000000

GC Precious Log:
 CardTable entry size: 512
 Card Set container configuration: InlinePtr #cards 4 size 8 Array Of Cards #cards 16 size 48 Howl #buckets 8 coarsen threshold 3686 Howl Bitmap #cards 512 size 80 coarsen threshold 460 Card regions per heap region 1 cards per card region 4096
 CPUs: 12 total, 12 available
 Memory: 16315M
 Large Page Support: Disabled
 NUMA Support: Disabled
 Compressed Oops: Enabled (Zero based)
 Heap Region Size: 2M
 Heap Min Capacity: 8M
 Heap Initial Capacity: 256M
 Heap Max Capacity: 4080M
 Pre-touch: Disabled
 Parallel Workers: 10
 Concurrent Workers: 3
 Concurrent Refinement Workers: 10
 Periodic GC: Disabled

Heap:
 garbage-first heap   total 96256K, used 46332K [0x0000000701000000, 0x0000000800000000)
  region size 2048K, 9 young (18432K), 3 survivors (6144K)
 Metaspace       used 75228K, committed 75904K, reserved 1179648K
  class space    used 9708K, committed 10048K, reserved 1048576K

Heap Regions: E=young(eden), S=young(survivor), O=old, HS=humongous(starts), HC=humongous(continues), CS=collection set, F=free, OA=open archive, CA=closed archive, TAMS=top-at-mark-start (previous, next)
|   0|0x0000000701000000, 0x0000000701200000, 0x0000000701200000|100%| O|  |TAMS 0x0000000701200000, 0x0000000701000000| Untracked 
|   1|0x0000000701200000, 0x0000000701400000, 0x0000000701400000|100%| O|  |TAMS 0x0000000701400000, 0x0000000701200000| Untracked 
|   2|0x0000000701400000, 0x00000007015fff38, 0x0000000701600000| 99%| O|  |TAMS 0x00000007015fff38, 0x0000000701400000| Untracked 
|   3|0x0000000701600000, 0x0000000701800000, 0x0000000701800000|100%| O|  |TAMS 0x0000000701800000, 0x0000000701600000| Untracked 
|   4|0x0000000701800000, 0x00000007019fffe8, 0x0000000701a00000| 99%| O|  |TAMS 0x00000007019fffe8, 0x0000000701800000| Untracked 
|   5|0x0000000701a00000, 0x0000000701bffff0, 0x0000000701c00000| 99%| O|  |TAMS 0x0000000701bffff0, 0x0000000701a00000| Untracked 
|   6|0x0000000701c00000, 0x0000000701dffff8, 0x0000000701e00000| 99%| O|  |TAMS 0x0000000701dffff8, 0x0000000701c00000| Untracked 
|   7|0x0000000701e00000, 0x0000000701ffffe8, 0x0000000702000000| 99%| O|  |TAMS 0x0000000701ffffe8, 0x0000000701e00000| Untracked 
|   8|0x0000000702000000, 0x00000007021fffe8, 0x0000000702200000| 99%| O|  |TAMS 0x00000007021fffe8, 0x0000000702000000| Untracked 
|   9|0x0000000702200000, 0x0000000702400000, 0x0000000702400000|100%| O|  |TAMS 0x0000000702200000, 0x0000000702200000| Untracked 
|  10|0x0000000702400000, 0x00000007025fffe8, 0x0000000702600000| 99%| O|  |TAMS 0x00000007025fffe8, 0x0000000702400000| Untracked 
|  11|0x0000000702600000, 0x00000007027fffb8, 0x0000000702800000| 99%| O|  |TAMS 0x00000007027fffb8, 0x0000000702600000| Untracked 
|  12|0x0000000702800000, 0x00000007029ffff0, 0x0000000702a00000| 99%| O|  |TAMS 0x0000000702800000, 0x0000000702800000| Untracked 
|  13|0x0000000702a00000, 0x0000000702b89ea8, 0x0000000702c00000| 76%| O|  |TAMS 0x0000000702a00000, 0x0000000702a00000| Untracked 
|  14|0x0000000702c00000, 0x0000000702ceebe0, 0x0000000702e00000| 46%| O|  |TAMS 0x0000000702c00000, 0x0000000702c00000| Untracked 
|  15|0x0000000702e00000, 0x0000000702e00000, 0x0000000703000000|  0%| F|  |TAMS 0x0000000702e00000, 0x0000000702e00000| Untracked 
|  16|0x0000000703000000, 0x0000000703000000, 0x0000000703200000|  0%| F|  |TAMS 0x0000000703000000, 0x0000000703000000| Untracked 
|  17|0x0000000703200000, 0x0000000703200000, 0x0000000703400000|  0%| F|  |TAMS 0x0000000703200000, 0x0000000703200000| Untracked 
|  18|0x0000000703400000, 0x0000000703400000, 0x0000000703600000|  0%| F|  |TAMS 0x0000000703400000, 0x0000000703400000| Untracked 
|  19|0x0000000703600000, 0x0000000703600000, 0x0000000703800000|  0%| F|  |TAMS 0x0000000703600000, 0x0000000703600000| Untracked 
|  20|0x0000000703800000, 0x0000000703800000, 0x0000000703a00000|  0%| F|  |TAMS 0x0000000703800000, 0x0000000703800000| Untracked 
|  21|0x0000000703a00000, 0x0000000703b19210, 0x0000000703c00000| 54%| S|  |TAMS 0x0000000703a00000, 0x0000000703a00000| Complete 
|  22|0x0000000703c00000, 0x0000000703e00000, 0x0000000703e00000|100%| S|  |TAMS 0x0000000703c00000, 0x0000000703c00000| Complete 
|  23|0x0000000703e00000, 0x0000000703e00000, 0x0000000704000000|  0%| F|  |TAMS 0x0000000703e00000, 0x0000000703e00000| Untracked 
|  24|0x0000000704000000, 0x0000000704087ca8, 0x0000000704200000| 26%| O|  |TAMS 0x0000000704000000, 0x0000000704000000| Untracked 
|  25|0x0000000704200000, 0x0000000704218bd8, 0x0000000704400000|  4%| O|  |TAMS 0x0000000704200000, 0x0000000704200000| Untracked 
|  26|0x0000000704400000, 0x0000000704400000, 0x0000000704600000|  0%| F|  |TAMS 0x0000000704400000, 0x0000000704400000| Untracked 
|  27|0x0000000704600000, 0x0000000704800000, 0x0000000704800000|100%| S|  |TAMS 0x0000000704600000, 0x0000000704600000| Complete 
|  28|0x0000000704800000, 0x0000000704800000, 0x0000000704a00000|  0%| F|  |TAMS 0x0000000704800000, 0x0000000704800000| Untracked 
|  29|0x0000000704a00000, 0x0000000704a00000, 0x0000000704c00000|  0%| F|  |TAMS 0x0000000704a00000, 0x0000000704a00000| Untracked 
|  30|0x0000000704c00000, 0x0000000704c00000, 0x0000000704e00000|  0%| F|  |TAMS 0x0000000704c00000, 0x0000000704c00000| Untracked 
|  31|0x0000000704e00000, 0x0000000704e00000, 0x0000000705000000|  0%| F|  |TAMS 0x0000000704e00000, 0x0000000704e00000| Untracked 
|  32|0x0000000705000000, 0x0000000705000000, 0x0000000705200000|  0%| F|  |TAMS 0x0000000705000000, 0x0000000705000000| Untracked 
|  33|0x0000000705200000, 0x0000000705200000, 0x0000000705400000|  0%| F|  |TAMS 0x0000000705200000, 0x0000000705200000| Untracked 
|  34|0x0000000705400000, 0x0000000705400000, 0x0000000705600000|  0%| F|  |TAMS 0x0000000705400000, 0x0000000705400000| Untracked 
|  35|0x0000000705600000, 0x0000000705600000, 0x0000000705800000|  0%| F|  |TAMS 0x0000000705600000, 0x0000000705600000| Untracked 
|  36|0x0000000705800000, 0x0000000705800000, 0x0000000705a00000|  0%| F|  |TAMS 0x0000000705800000, 0x0000000705800000| Untracked 
|  37|0x0000000705a00000, 0x0000000705a00000, 0x0000000705c00000|  0%| F|  |TAMS 0x0000000705a00000, 0x0000000705a00000| Untracked 
|  38|0x0000000705c00000, 0x0000000705c00000, 0x0000000705e00000|  0%| F|  |TAMS 0x0000000705c00000, 0x0000000705c00000| Untracked 
|  39|0x0000000705e00000, 0x0000000705e00000, 0x0000000706000000|  0%| F|  |TAMS 0x0000000705e00000, 0x0000000705e00000| Untracked 
|  40|0x0000000706000000, 0x0000000706000000, 0x0000000706200000|  0%| F|  |TAMS 0x0000000706000000, 0x0000000706000000| Untracked 
|  41|0x0000000706200000, 0x000000070630ced0, 0x0000000706400000| 52%| E|  |TAMS 0x0000000706200000, 0x0000000706200000| Complete 
|  42|0x0000000706400000, 0x0000000706600000, 0x0000000706600000|100%| E|  |TAMS 0x0000000706400000, 0x0000000706400000| Complete 
|  43|0x0000000706600000, 0x0000000706800000, 0x0000000706800000|100%| E|  |TAMS 0x0000000706600000, 0x0000000706600000| Complete 
|  44|0x0000000706800000, 0x0000000706a00000, 0x0000000706a00000|100%| E|  |TAMS 0x0000000706800000, 0x0000000706800000| Complete 
|  45|0x0000000706a00000, 0x0000000706c00000, 0x0000000706c00000|100%| E|  |TAMS 0x0000000706a00000, 0x0000000706a00000| Complete 
| 127|0x0000000710e00000, 0x0000000711000000, 0x0000000711000000|100%| E|  |TAMS 0x0000000710e00000, 0x0000000710e00000| Complete 

Card table byte_map: [0x000001a5af530000,0x000001a5afd30000] _byte_map_base: 0x000001a5abd28000

Marking Bits (Prev, Next): (CMBitMap*) 0x000001a5a83a4a30, (CMBitMap*) 0x000001a5a83a49f0
 Prev Bits: [0x000001a5b44f0000, 0x000001a5b84b0000)
 Next Bits: [0x000001a5b0530000, 0x000001a5b44f0000)

Polling page: 0x000001a5a7af0000

Metaspace:

Usage:
  Non-class:     63.98 MB used.
      Class:      9.48 MB used.
       Both:     73.47 MB used.

Virtual space:
  Non-class space:      128.00 MB reserved,      64.31 MB ( 50%) committed,  2 nodes.
      Class space:        1.00 GB reserved,       9.81 MB ( <1%) committed,  1 nodes.
             Both:        1.12 GB reserved,      74.12 MB (  6%) committed. 

Chunk freelists:
   Non-Class:  3.57 MB
       Class:  2.27 MB
        Both:  5.83 MB

MaxMetaspaceSize: unlimited
CompressedClassSpaceSize: 1.00 GB
Initial GC threshold: 21.00 MB
Current GC threshold: 123.12 MB
CDS: off
MetaspaceReclaimPolicy: balanced
 - commit_granule_bytes: 65536.
 - commit_granule_words: 8192.
 - virtual_space_node_default_size: 8388608.
 - enlarge_chunks_in_place: 1.
 - new_chunks_are_fully_committed: 0.
 - uncommit_free_chunks: 1.
 - use_allocation_guard: 0.


Internal statistics:

num_allocs_failed_limit: 9.
num_arena_births: 1020.
num_arena_deaths: 428.
num_vsnodes_births: 3.
num_vsnodes_deaths: 0.
num_space_committed: 1186.
num_space_uncommitted: 0.
num_chunks_returned_to_freelist: 474.
num_chunks_taken_from_freelist: 3320.
num_chunk_merges: 165.
num_chunk_splits: 2334.
num_chunks_enlarged: 1853.
num_inconsistent_stats: 0.

CodeCache: size=49152Kb used=15204Kb max_used=15737Kb free=33947Kb
 bounds [0x000001a5aba00000, 0x000001a5ac9e0000, 0x000001a5aea00000]
 total_blobs=8467 nmethods=7779 adapters=614
 compilation: enabled
              stopped_count=0, restarted_count=0
 full_count=0

Compilation events (20 events):
Event: 1201.084 Thread 0x000001a5bf423060 7771   !   1       sun.nio.ch.NioSocketImpl::configureNonBlocking (63 bytes)
Event: 1201.085 Thread 0x000001a5bf423060 nmethod 7771 0x000001a5ac8aa710 code [0x000001a5ac8aa8e0, 0x000001a5ac8aace8]
Event: 1261.088 Thread 0x000001a5bf423060 7772       1       java.io.FilterOutputStream::<init> (21 bytes)
Event: 1261.089 Thread 0x000001a5bf423060 nmethod 7772 0x000001a5ac8aa310 code [0x000001a5ac8aa4a0, 0x000001a5ac8aa678]
Event: 1279.718 Thread 0x000001a5bf423060 7773       1       java.net.NetworkInterface::enumerationFromArray (9 bytes)
Event: 1279.718 Thread 0x000001a5bf423060 nmethod 7773 0x000001a5ac8a9f90 code [0x000001a5ac8aa120, 0x000001a5ac8aa278]
Event: 1279.718 Thread 0x000001a5bf423060 7774       1       java.net.NetworkInterface$1::<init> (15 bytes)
Event: 1279.718 Thread 0x000001a5bf423060 nmethod 7774 0x000001a5ac8a9c90 code [0x000001a5ac8a9e20, 0x000001a5ac8a9f38]
Event: 1279.734 Thread 0x000001a5bf423060 7775       1       java.util.Arrays::copyOf (19 bytes)
Event: 1279.734 Thread 0x000001a5bf423060 nmethod 7775 0x000001a5ac8a9810 code [0x000001a5ac8a99a0, 0x000001a5ac8a9b88]
Event: 1279.734 Thread 0x000001a5bf423060 7776       1       java.util.concurrent.atomic.AtomicLong::incrementAndGet (14 bytes)
Event: 1279.734 Thread 0x000001a5bf423060 nmethod 7776 0x000001a5ac8a9510 code [0x000001a5ac8a96a0, 0x000001a5ac8a9778]
Event: 1279.734 Thread 0x000001a5bf423060 7777       1       org.h2.mvstore.tx.VersionedValueCommitted::getCurrentValue (5 bytes)
Event: 1279.734 Thread 0x000001a5bf423060 nmethod 7777 0x000001a5ac8a9210 code [0x000001a5ac8a93a0, 0x000001a5ac8a9478]
Event: 1279.735 Thread 0x000001a5bf423060 7778       1       org.h2.engine.Database::unlockMetaDebug (38 bytes)
Event: 1279.735 Thread 0x000001a5bf423060 nmethod 7778 0x000001a5ac8a8f10 code [0x000001a5ac8a90a0, 0x000001a5ac8a9138]
Event: 1279.935 Thread 0x000001a5bf423060 7779       1       org.springframework.beans.factory.support.DefaultListableBeanFactory::destroySingleton (15 bytes)
Event: 1279.935 Thread 0x000001a5bf423060 nmethod 7779 0x000001a5ac8a8710 code [0x000001a5ac8a8900, 0x000001a5ac8a8bf8]
Event: 1279.935 Thread 0x000001a5bf423060 7784       1       ch.qos.logback.core.pattern.PatternLayoutBase::writeLoopOnConverters (39 bytes)
Event: 1279.935 Thread 0x000001a5bf423060 nmethod 7784 0x000001a5ac8a8010 code [0x000001a5ac8a81e0, 0x000001a5ac8a8578]

GC Heap History (20 events):
Event: 58.260 GC heap after
{Heap after GC invocations=19 (full 1):
 garbage-first heap   total 96256K, used 26080K [0x0000000701000000, 0x0000000800000000)
  region size 2048K, 0 young (0K), 0 survivors (0K)
 Metaspace       used 68782K, committed 69440K, reserved 1114112K
  class space    used 8988K, committed 9344K, reserved 1048576K
}
Event: 58.704 GC heap before
{Heap before GC invocations=19 (full 1):
 garbage-first heap   total 96256K, used 73184K [0x0000000701000000, 0x0000000800000000)
  region size 2048K, 23 young (47104K), 0 survivors (0K)
 Metaspace       used 68857K, committed 69504K, reserved 1114112K
  class space    used 8999K, committed 9344K, reserved 1048576K
}
Event: 58.706 GC heap after
{Heap after GC invocations=20 (full 1):
 garbage-first heap   total 96256K, used 30285K [0x0000000701000000, 0x0000000800000000)
  region size 2048K, 3 young (6144K), 3 survivors (6144K)
 Metaspace       used 68857K, committed 69504K, reserved 1114112K
  class space    used 8999K, committed 9344K, reserved 1048576K
}
Event: 116.406 GC heap before
{Heap before GC invocations=20 (full 1):
 garbage-first heap   total 96256K, used 69197K [0x0000000701000000, 0x0000000800000000)
  region size 2048K, 23 young (47104K), 3 survivors (6144K)
 Metaspace       used 70824K, committed 71552K, reserved 1114112K
  class space    used 9238K, committed 9600K, reserved 1048576K
}
Event: 116.409 GC heap after
{Heap after GC invocations=21 (full 1):
 garbage-first heap   total 96256K, used 31525K [0x0000000701000000, 0x0000000800000000)
  region size 2048K, 2 young (4096K), 2 survivors (4096K)
 Metaspace       used 70824K, committed 71552K, reserved 1114112K
  class space    used 9238K, committed 9600K, reserved 1048576K
}
Event: 148.865 GC heap before
{Heap before GC invocations=21 (full 1):
 garbage-first heap   total 96256K, used 56101K [0x0000000701000000, 0x0000000800000000)
  region size 2048K, 16 young (32768K), 2 survivors (4096K)
 Metaspace       used 74985K, committed 75648K, reserved 1179648K
  class space    used 9740K, committed 10048K, reserved 1048576K
}
Event: 148.893 GC heap after
{Heap after GC invocations=22 (full 2):
 garbage-first heap   total 96256K, used 27971K [0x0000000701000000, 0x0000000800000000)
  region size 2048K, 0 young (0K), 0 survivors (0K)
 Metaspace       used 74616K, committed 75648K, reserved 1179648K
  class space    used 9655K, committed 10048K, reserved 1048576K
}
Event: 149.451 GC heap before
{Heap before GC invocations=22 (full 2):
 garbage-first heap   total 96256K, used 70979K [0x0000000701000000, 0x0000000800000000)
  region size 2048K, 22 young (45056K), 0 survivors (0K)
 Metaspace       used 74657K, committed 75648K, reserved 1179648K
  class space    used 9665K, committed 10048K, reserved 1048576K
}
Event: 149.452 GC heap after
{Heap after GC invocations=23 (full 2):
 garbage-first heap   total 96256K, used 31949K [0x0000000701000000, 0x0000000800000000)
  region size 2048K, 2 young (4096K), 2 survivors (4096K)
 Metaspace       used 74657K, committed 75648K, reserved 1179648K
  class space    used 9665K, committed 10048K, reserved 1048576K
}
Event: 361.111 GC heap before
{Heap before GC invocations=23 (full 2):
 garbage-first heap   total 96256K, used 68813K [0x0000000701000000, 0x0000000800000000)
  region size 2048K, 21 young (43008K), 2 survivors (4096K)
 Metaspace       used 74868K, committed 75712K, reserved 1179648K
  class space    used 9685K, committed 10048K, reserved 1048576K
}
Event: 361.135 GC heap after
{Heap after GC invocations=24 (full 3):
 garbage-first heap   total 96256K, used 28494K [0x0000000701000000, 0x0000000800000000)
  region size 2048K, 0 young (0K), 0 survivors (0K)
 Metaspace       used 74834K, committed 75712K, reserved 1179648K
  class space    used 9677K, committed 10048K, reserved 1048576K
}
Event: 361.543 GC heap before
{Heap before GC invocations=24 (full 3):
 garbage-first heap   total 96256K, used 69454K [0x0000000701000000, 0x0000000800000000)
  region size 2048K, 21 young (43008K), 0 survivors (0K)
 Metaspace       used 74864K, committed 75712K, reserved 1179648K
  class space    used 9682K, committed 10048K, reserved 1048576K
}
Event: 361.545 GC heap after
{Heap after GC invocations=25 (full 3):
 garbage-first heap   total 96256K, used 32194K [0x0000000701000000, 0x0000000800000000)
  region size 2048K, 2 young (4096K), 2 survivors (4096K)
 Metaspace       used 74864K, committed 75712K, reserved 1179648K
  class space    used 9682K, committed 10048K, reserved 1048576K
}
Event: 568.294 GC heap before
{Heap before GC invocations=25 (full 3):
 garbage-first heap   total 96256K, used 64962K [0x0000000701000000, 0x0000000800000000)
  region size 2048K, 19 young (38912K), 2 survivors (4096K)
 Metaspace       used 75023K, committed 75776K, reserved 1179648K
  class space    used 9693K, committed 10048K, reserved 1048576K
}
Event: 568.329 GC heap after
{Heap after GC invocations=26 (full 4):
 garbage-first heap   total 96256K, used 29796K [0x0000000701000000, 0x0000000800000000)
  region size 2048K, 0 young (0K), 0 survivors (0K)
 Metaspace       used 74968K, committed 75776K, reserved 1179648K
  class space    used 9681K, committed 10048K, reserved 1048576K
}
Event: 568.690 GC heap before
{Heap before GC invocations=26 (full 4):
 garbage-first heap   total 96256K, used 68708K [0x0000000701000000, 0x0000000800000000)
  region size 2048K, 20 young (40960K), 0 survivors (0K)
 Metaspace       used 74998K, committed 75776K, reserved 1179648K
  class space    used 9686K, committed 10048K, reserved 1048576K
}
Event: 568.692 GC heap after
{Heap after GC invocations=27 (full 4):
 garbage-first heap   total 96256K, used 33077K [0x0000000701000000, 0x0000000800000000)
  region size 2048K, 2 young (4096K), 2 survivors (4096K)
 Metaspace       used 74998K, committed 75776K, reserved 1179648K
  class space    used 9686K, committed 10048K, reserved 1048576K
}
Event: 790.547 GC heap before
{Heap before GC invocations=27 (full 4):
 garbage-first heap   total 96256K, used 71989K [0x0000000701000000, 0x0000000800000000)
  region size 2048K, 21 young (43008K), 2 survivors (4096K)
 Metaspace       used 75222K, committed 75904K, reserved 1179648K
  class space    used 9707K, committed 10048K, reserved 1048576K
}
Event: 790.549 GC heap after
{Heap after GC invocations=28 (full 4):
 garbage-first heap   total 96256K, used 35016K [0x0000000701000000, 0x0000000800000000)
  region size 2048K, 3 young (6144K), 3 survivors (6144K)
 Metaspace       used 75222K, committed 75904K, reserved 1179648K
  class space    used 9707K, committed 10048K, reserved 1048576K
}
Event: 1279.935 GC heap before
{Heap before GC invocations=28 (full 4):
 garbage-first heap   total 96256K, used 45256K [0x0000000701000000, 0x0000000800000000)
  region size 2048K, 9 young (18432K), 3 survivors (6144K)
 Metaspace       used 75228K, committed 75904K, reserved 1179648K
  class space    used 9708K, committed 10048K, reserved 1048576K
}

Deoptimization events (20 events):
Event: 1279.733 Thread 0x000001a5c274ca40 DEOPT PACKING pc=0x000001a5abb50bec sp=0x000000945dbfed90
Event: 1279.733 Thread 0x000001a5c274ca40 DEOPT UNPACKING pc=0x000001a5aba52b43 sp=0x000000945dbfe338 mode 1
Event: 1279.733 Thread 0x000001a5c274ca40 DEOPT PACKING pc=0x000001a5abb54874 sp=0x000000945dbfefa0
Event: 1279.733 Thread 0x000001a5c274ca40 DEOPT UNPACKING pc=0x000001a5aba52b43 sp=0x000000945dbfe4a0 mode 1
Event: 1279.733 Thread 0x000001a5c27508d0 DEOPT PACKING pc=0x000001a5ac80830c sp=0x000000945bdff220
Event: 1279.733 Thread 0x000001a5c27508d0 DEOPT UNPACKING pc=0x000001a5aba52b43 sp=0x000000945bdfe768 mode 1
Event: 1279.733 Thread 0x000001a5c27508d0 DEOPT PACKING pc=0x000001a5ac80975c sp=0x000000945bdff340
Event: 1279.733 Thread 0x000001a5c27508d0 DEOPT UNPACKING pc=0x000001a5aba52b43 sp=0x000000945bdfe7e0 mode 1
Event: 1279.733 Thread 0x000001a5c27508d0 DEOPT PACKING pc=0x000001a5abb54874 sp=0x000000945bdff380
Event: 1279.733 Thread 0x000001a5c27508d0 DEOPT UNPACKING pc=0x000001a5aba52b43 sp=0x000000945bdfe880 mode 1
Event: 1279.934 Thread 0x000001a5c274c0a0 DEOPT PACKING pc=0x000001a5ac948f4c sp=0x000000945aafe8c0
Event: 1279.934 Thread 0x000001a5c274c0a0 DEOPT UNPACKING pc=0x000001a5aba52b43 sp=0x000000945aafde48 mode 1
Event: 1279.935 Thread 0x000001a5c274d3e0 DEOPT PACKING pc=0x000001a5abb53544 sp=0x000000945acfee10
Event: 1279.935 Thread 0x000001a5c274d3e0 DEOPT UNPACKING pc=0x000001a5aba52b43 sp=0x000000945acfe3b0 mode 1
Event: 1279.935 Thread 0x000001a5c274d3e0 DEOPT PACKING pc=0x000001a5ac80830c sp=0x000000945acfefb0
Event: 1279.935 Thread 0x000001a5c274d3e0 DEOPT UNPACKING pc=0x000001a5aba52b43 sp=0x000000945acfe4f8 mode 1
Event: 1279.935 Thread 0x000001a5c274d3e0 DEOPT PACKING pc=0x000001a5ac80975c sp=0x000000945acff0d0
Event: 1279.935 Thread 0x000001a5c274d3e0 DEOPT UNPACKING pc=0x000001a5aba52b43 sp=0x000000945acfe570 mode 1
Event: 1279.935 Thread 0x000001a5c274d3e0 DEOPT PACKING pc=0x000001a5abb54874 sp=0x000000945acff110
Event: 1279.935 Thread 0x000001a5c274d3e0 DEOPT UNPACKING pc=0x000001a5aba52b43 sp=0x000000945acfe610 mode 1

Classes loaded (20 events):
Event: 577.853 Loading class sun/security/ssl/CertStatusExtension$CertStatusResponse done
Event: 577.853 Loading class sun/security/ssl/CertStatusExtension$OCSPStatusResponse done
Event: 577.853 Loading class sun/security/provider/certpath/OCSPResponse
Event: 577.854 Loading class sun/security/provider/certpath/OCSPResponse done
Event: 577.854 Loading class sun/security/provider/certpath/OCSPResponse$ResponseStatus
Event: 577.854 Loading class sun/security/provider/certpath/OCSPResponse$ResponseStatus done
Event: 577.854 Loading class java/security/cert/CRLReason
Event: 577.854 Loading class java/security/cert/CRLReason done
Event: 577.854 Loading class sun/security/provider/certpath/ResponderId
Event: 577.854 Loading class sun/security/provider/certpath/ResponderId done
Event: 577.855 Loading class sun/security/provider/certpath/ResponderId$Type
Event: 577.855 Loading class sun/security/provider/certpath/ResponderId$Type done
Event: 577.855 Loading class sun/security/provider/certpath/OCSPResponse$SingleResponse
Event: 577.855 Loading class sun/security/provider/certpath/OCSP$RevocationStatus
Event: 577.855 Loading class sun/security/provider/certpath/OCSP$RevocationStatus done
Event: 577.855 Loading class sun/security/provider/certpath/OCSPResponse$SingleResponse done
Event: 577.855 Loading class sun/security/provider/certpath/CertId
Event: 577.855 Loading class sun/security/provider/certpath/CertId done
Event: 577.855 Loading class sun/security/provider/certpath/OCSP$RevocationStatus$CertStatus
Event: 577.855 Loading class sun/security/provider/certpath/OCSP$RevocationStatus$CertStatus done

Classes unloaded (20 events):
Event: 568.311 Thread 0x000001a5bb1c9220 Unloading class 0x0000000800968400 'java/lang/invoke/LambdaForm$MH+0x0000000800968400'
Event: 568.311 Thread 0x000001a5bb1c9220 Unloading class 0x0000000800968000 'java/lang/invoke/LambdaForm$MH+0x0000000800968000'
Event: 568.311 Thread 0x000001a5bb1c9220 Unloading class 0x0000000800249c00 'java/lang/invoke/LambdaForm$MH+0x0000000800249c00'
Event: 568.311 Thread 0x000001a5bb1c9220 Unloading class 0x0000000800249800 'java/lang/invoke/LambdaForm$MH+0x0000000800249800'
Event: 568.311 Thread 0x000001a5bb1c9220 Unloading class 0x0000000800249400 'java/lang/invoke/LambdaForm$MH+0x0000000800249400'
Event: 568.311 Thread 0x000001a5bb1c9220 Unloading class 0x0000000800249000 'java/lang/invoke/LambdaForm$MH+0x0000000800249000'
Event: 568.311 Thread 0x000001a5bb1c9220 Unloading class 0x0000000800248c00 'java/lang/invoke/LambdaForm$MH+0x0000000800248c00'
Event: 568.311 Thread 0x000001a5bb1c9220 Unloading class 0x0000000800248800 'java/lang/invoke/LambdaForm$MH+0x0000000800248800'
Event: 568.311 Thread 0x000001a5bb1c9220 Unloading class 0x0000000800248400 'java/lang/invoke/LambdaForm$MH+0x0000000800248400'
Event: 568.311 Thread 0x000001a5bb1c9220 Unloading class 0x0000000800248000 'java/lang/invoke/LambdaForm$MH+0x0000000800248000'
Event: 568.311 Thread 0x000001a5bb1c9220 Unloading class 0x0000000800143000 'java/lang/invoke/LambdaForm$MH+0x0000000800143000'
Event: 568.311 Thread 0x000001a5bb1c9220 Unloading class 0x0000000800142c00 'java/lang/invoke/LambdaForm$MH+0x0000000800142c00'
Event: 568.311 Thread 0x000001a5bb1c9220 Unloading class 0x0000000800142800 'java/lang/invoke/LambdaForm$MH+0x0000000800142800'
Event: 568.311 Thread 0x000001a5bb1c9220 Unloading class 0x0000000800142400 'java/lang/invoke/LambdaForm$MH+0x0000000800142400'
Event: 568.311 Thread 0x000001a5bb1c9220 Unloading class 0x0000000800142000 'java/lang/invoke/LambdaForm$MH+0x0000000800142000'
Event: 568.311 Thread 0x000001a5bb1c9220 Unloading class 0x0000000800141c00 'java/lang/invoke/LambdaForm$MH+0x0000000800141c00'
Event: 568.311 Thread 0x000001a5bb1c9220 Unloading class 0x00000008000c7000 'java/lang/invoke/LambdaForm$MH+0x00000008000c7000'
Event: 568.311 Thread 0x000001a5bb1c9220 Unloading class 0x00000008000c6800 'java/lang/invoke/LambdaForm$MH+0x00000008000c6800'
Event: 568.311 Thread 0x000001a5bb1c9220 Unloading class 0x00000008000c6000 'java/lang/invoke/LambdaForm$MH+0x00000008000c6000'
Event: 568.311 Thread 0x000001a5bb1c9220 Unloading class 0x00000008000c5800 'java/lang/invoke/LambdaForm$MH+0x00000008000c5800'

Classes redefined (2 events):
Event: 147.485 Thread 0x000001a5bb1c9220 redefined class name=com.cathey.tw.api.clinet.CoinDeskApiClient, count=1
Event: 147.485 Thread 0x000001a5bb1c9220 redefined class name=com.cathey.tw.api.clinet.CoinDeskApiClient, count=1

Internal exceptions (20 events):
Event: 361.503 Thread 0x000001a5c274b230 Exception <a 'sun/nio/fs/WindowsException'{0x0000000704854870}> (0x0000000704854870) 
thrown [s\src\hotspot\share\prims\jni.cpp, line 516]
Event: 361.503 Thread 0x000001a5c274b230 Exception <a 'sun/nio/fs/WindowsException'{0x0000000704854f48}> (0x0000000704854f48) 
thrown [s\src\hotspot\share\prims\jni.cpp, line 516]
Event: 361.509 Thread 0x000001a5c274b230 Exception <a 'java/io/FileNotFoundException'{0x000000070488b030}> (0x000000070488b030) 
thrown [s\src\hotspot\share\prims\jni.cpp, line 516]
Event: 361.533 Thread 0x000001a5c274b230 Exception <a 'java/io/FileNotFoundException'{0x0000000704285ed8}> (0x0000000704285ed8) 
thrown [s\src\hotspot\share\prims\jni.cpp, line 516]
Event: 568.089 Thread 0x000001a5c274a3c0 Exception <a 'java/lang/InterruptedException'{0x0000000704dcd1e0}: sleep interrupted> (0x0000000704dcd1e0) 
thrown [s\src\hotspot\share\prims\jvm.cpp, line 3083]
Event: 568.342 Thread 0x000001a5c274f0c0 Exception <a 'sun/nio/fs/WindowsException'{0x0000000710ea2c80}> (0x0000000710ea2c80) 
thrown [s\src\hotspot\share\prims\jni.cpp, line 516]
Event: 568.417 Thread 0x000001a5c274b230 Exception <a 'java/net/UnknownHostException'{0x0000000710f4bb30}> (0x0000000710f4bb30) 
thrown [s\src\hotspot\share\prims\jni.cpp, line 516]
Event: 568.625 Thread 0x000001a5c274f0c0 Exception <a 'java/lang/NoClassDefFoundError'{0x00000007054fb1e0}: org/flywaydb/core/Flyway> (0x00000007054fb1e0) 
thrown [s\src\hotspot\share\oops\constantPool.cpp, line 836]
Event: 568.626 Thread 0x000001a5c274f0c0 Exception <a 'java/lang/NoClassDefFoundError'{0x00000007054fb830}: liquibase/integration/spring/SpringLiquibase> (0x00000007054fb830) 
thrown [s\src\hotspot\share\oops\constantPool.cpp, line 836]
Event: 568.629 Thread 0x000001a5c274f0c0 Exception <a 'java/lang/NoClassDefFoundError'{0x000000070554ea20}: org/jooq/DSLContext> (0x000000070554ea20) 
thrown [s\src\hotspot\share\oops\constantPool.cpp, line 836]
Event: 568.630 Thread 0x000001a5c274f0c0 Exception <a 'java/lang/NoClassDefFoundError'{0x000000070555aa78}: org/springframework/batch/core/repository/JobRepository> (0x000000070555aa78) 
thrown [s\src\hotspot\share\oops\constantPool.cpp, line 836]
Event: 568.630 Thread 0x000001a5c274f0c0 Exception <a 'java/lang/NoClassDefFoundError'{0x000000070555b0c0}: org/quartz/Scheduler> (0x000000070555b0c0) 
thrown [s\src\hotspot\share\oops\constantPool.cpp, line 836]
Event: 568.631 Thread 0x000001a5c274f0c0 Exception <a 'java/lang/NoClassDefFoundError'{0x000000070555b730}: org/springframework/session/jdbc/JdbcIndexedSessionRepository> (0x000000070555b730) 
thrown [s\src\hotspot\share\oops\constantPool.cpp, line 836]
Event: 568.664 Thread 0x000001a5c274f0c0 Exception <a 'sun/nio/fs/WindowsException'{0x0000000704a52fa0}> (0x0000000704a52fa0) 
thrown [s\src\hotspot\share\prims\jni.cpp, line 516]
Event: 568.665 Thread 0x000001a5c274f0c0 Exception <a 'sun/nio/fs/WindowsException'{0x0000000704a53608}> (0x0000000704a53608) 
thrown [s\src\hotspot\share\prims\jni.cpp, line 516]
Event: 568.665 Thread 0x000001a5c274f0c0 Exception <a 'sun/nio/fs/WindowsException'{0x0000000704a55f10}> (0x0000000704a55f10) 
thrown [s\src\hotspot\share\prims\jni.cpp, line 516]
Event: 568.671 Thread 0x000001a5c274f0c0 Exception <a 'java/io/FileNotFoundException'{0x0000000704a8be90}> (0x0000000704a8be90) 
thrown [s\src\hotspot\share\prims\jni.cpp, line 516]
Event: 568.697 Thread 0x000001a5c274f0c0 Exception <a 'java/io/FileNotFoundException'{0x0000000710efecf0}> (0x0000000710efecf0) 
thrown [s\src\hotspot\share\prims\jni.cpp, line 516]
Event: 601.027 Thread 0x000001a5c0798010 Exception <a 'java/lang/NoSuchMethodError'{0x0000000704a94a98}: static [B.<clinit>()V> (0x0000000704a94a98) 
thrown [s\src\hotspot\share\prims\jni.cpp, line 1104]
Event: 1279.733 Thread 0x000001a5c274c570 Exception <a 'java/lang/InterruptedException'{0x0000000706291ff8}: sleep interrupted> (0x0000000706291ff8) 
thrown [s\src\hotspot\share\prims\jvm.cpp, line 3083]

VM Operations (20 events):
Event: 1278.639 Executing VM operation: get/set locals done
Event: 1278.639 Executing VM operation: get/set locals
Event: 1278.639 Executing VM operation: get/set locals done
Event: 1278.640 Executing VM operation: get/set locals
Event: 1278.640 Executing VM operation: get/set locals done
Event: 1278.640 Executing VM operation: get/set locals
Event: 1278.640 Executing VM operation: get/set locals done
Event: 1278.641 Executing VM operation: get/set locals
Event: 1278.641 Executing VM operation: get/set locals done
Event: 1278.641 Executing VM operation: get/set locals
Event: 1278.641 Executing VM operation: get/set locals done
Event: 1278.641 Executing VM operation: get/set locals
Event: 1278.642 Executing VM operation: get/set locals done
Event: 1278.642 Executing VM operation: get/set locals
Event: 1278.642 Executing VM operation: get/set locals done
Event: 1278.642 Executing VM operation: get/set locals
Event: 1278.642 Executing VM operation: get/set locals done
Event: 1278.642 Executing VM operation: get/set locals
Event: 1278.642 Executing VM operation: get/set locals done
Event: 1279.935 Executing VM operation: G1CollectFull

Events (20 events):
Event: 1279.711 Thread 0x000001a5c274b230 Thread exited: 0x000001a5c274b230
Event: 1279.719 Thread 0x000001a5c274ebf0 Thread exited: 0x000001a5c274ebf0
Event: 1279.732 Thread 0x000001a5c274e720 Thread exited: 0x000001a5c274e720
Event: 1279.732 Thread 0x000001a5c274e250 Thread exited: 0x000001a5c274e250
Event: 1279.732 Thread 0x000001a5c274cf10 Thread exited: 0x000001a5c274cf10
Event: 1279.732 Thread 0x000001a5c2749a20 Thread exited: 0x000001a5c2749a20
Event: 1279.732 Thread 0x000001a5c2749550 Thread exited: 0x000001a5c2749550
Event: 1279.732 Thread 0x000001a5c274fa60 Thread exited: 0x000001a5c274fa60
Event: 1279.732 Thread 0x000001a5c2750400 Thread exited: 0x000001a5c2750400
Event: 1279.732 Thread 0x000001a5c274d8b0 Thread exited: 0x000001a5c274d8b0
Event: 1279.732 Thread 0x000001a5c274dd80 Thread exited: 0x000001a5c274dd80
Event: 1279.732 Thread 0x000001a5c2749ef0 Thread exited: 0x000001a5c2749ef0
Event: 1279.733 Thread 0x000001a5c274b700 Thread exited: 0x000001a5c274b700
Event: 1279.733 Thread 0x000001a5c274c570 Thread exited: 0x000001a5c274c570
Event: 1279.733 Thread 0x000001a5c274a890 Thread exited: 0x000001a5c274a890
Event: 1279.733 Thread 0x000001a5c274ca40 Thread exited: 0x000001a5c274ca40
Event: 1279.733 Thread 0x000001a5c27508d0 Thread exited: 0x000001a5c27508d0
Event: 1279.935 Thread 0x000001a5c274d8b0 Thread added: 0x000001a5c274d8b0
Event: 1279.935 Thread 0x000001a5c274d8b0 Thread exited: 0x000001a5c274d8b0
Event: 1279.935 Thread 0x000001a5c274d3e0 Thread exited: 0x000001a5c274d3e0


Dynamic libraries:
0x00007ff695370000 - 0x00007ff69537e000 	C:\Users\rich8\.p2\pool\plugins\org.eclipse.justj.openjdk.hotspot.jre.full.win32.x86_64_18.0.1.v20220515-1614\jre\bin\javaw.exe
0x00007ff954410000 - 0x00007ff954608000 	C:\Windows\SYSTEM32\ntdll.dll
0x00007ff953d40000 - 0x00007ff953dff000 	C:\Windows\System32\KERNEL32.DLL
0x00007ff951b00000 - 0x00007ff951dd2000 	C:\Windows\System32\KERNELBASE.dll
0x00007ff9520c0000 - 0x00007ff9521c0000 	C:\Windows\System32\ucrtbase.dll
0x00007ff939fd0000 - 0x00007ff939fe7000 	C:\Users\rich8\.p2\pool\plugins\org.eclipse.justj.openjdk.hotspot.jre.full.win32.x86_64_18.0.1.v20220515-1614\jre\bin\jli.dll
0x00007ff935070000 - 0x00007ff935089000 	C:\Users\rich8\.p2\pool\plugins\org.eclipse.justj.openjdk.hotspot.jre.full.win32.x86_64_18.0.1.v20220515-1614\jre\bin\VCRUNTIME140.dll
0x00007ff9539b0000 - 0x00007ff953b51000 	C:\Windows\System32\USER32.dll
0x00007ff951ef0000 - 0x00007ff951f12000 	C:\Windows\System32\win32u.dll
0x00007ff93e800000 - 0x00007ff93ea9a000 	C:\Windows\WinSxS\amd64_microsoft.windows.common-controls_6595b64144ccf1df_6.0.19041.1110_none_60b5254171f9507e\COMCTL32.dll
0x00007ff953610000 - 0x00007ff95363b000 	C:\Windows\System32\GDI32.dll
0x00007ff953f60000 - 0x00007ff953ffe000 	C:\Windows\System32\msvcrt.dll
0x00007ff951de0000 - 0x00007ff951eef000 	C:\Windows\System32\gdi32full.dll
0x00007ff951f20000 - 0x00007ff951fbd000 	C:\Windows\System32\msvcp_win.dll
0x00007ff952d90000 - 0x00007ff952dc2000 	C:\Windows\System32\IMM32.DLL
0x00007ff93bf00000 - 0x00007ff93bf0c000 	C:\Users\rich8\.p2\pool\plugins\org.eclipse.justj.openjdk.hotspot.jre.full.win32.x86_64_18.0.1.v20220515-1614\jre\bin\vcruntime140_1.dll
0x00007ff933f20000 - 0x00007ff933fb1000 	C:\Users\rich8\.p2\pool\plugins\org.eclipse.justj.openjdk.hotspot.jre.full.win32.x86_64_18.0.1.v20220515-1614\jre\bin\msvcp140.dll
0x00007ff8e4360000 - 0x00007ff8e4fe9000 	C:\Users\rich8\.p2\pool\plugins\org.eclipse.justj.openjdk.hotspot.jre.full.win32.x86_64_18.0.1.v20220515-1614\jre\bin\server\jvm.dll
0x00007ff953640000 - 0x00007ff9536ee000 	C:\Windows\System32\ADVAPI32.dll
0x00007ff953ec0000 - 0x00007ff953f5c000 	C:\Windows\System32\sechost.dll
0x00007ff952610000 - 0x00007ff952735000 	C:\Windows\System32\RPCRT4.dll
0x00007ff952600000 - 0x00007ff952608000 	C:\Windows\System32\PSAPI.DLL
0x00007ff93a900000 - 0x00007ff93a909000 	C:\Windows\SYSTEM32\WSOCK32.dll
0x00007ff94c150000 - 0x00007ff94c15a000 	C:\Windows\SYSTEM32\VERSION.dll
0x00007ff943760000 - 0x00007ff943787000 	C:\Windows\SYSTEM32\WINMM.dll
0x00007ff9536f0000 - 0x00007ff95375b000 	C:\Windows\System32\WS2_32.dll
0x00007ff94f9e0000 - 0x00007ff94f9f2000 	C:\Windows\SYSTEM32\kernel.appcore.dll
0x00007ff94d110000 - 0x00007ff94d11a000 	C:\Users\rich8\.p2\pool\plugins\org.eclipse.justj.openjdk.hotspot.jre.full.win32.x86_64_18.0.1.v20220515-1614\jre\bin\jimage.dll
0x00007ff9407c0000 - 0x00007ff9409a4000 	C:\Windows\SYSTEM32\DBGHELP.DLL
0x00007ff93b440000 - 0x00007ff93b475000 	C:\Windows\SYSTEM32\dbgcore.DLL
0x00007ff952030000 - 0x00007ff9520b2000 	C:\Windows\System32\bcryptPrimitives.dll
0x00007ff94dd40000 - 0x00007ff94dd7b000 	C:\Users\rich8\.p2\pool\plugins\org.eclipse.justj.openjdk.hotspot.jre.full.win32.x86_64_18.0.1.v20220515-1614\jre\bin\jdwp.dll
0x00007ff93e620000 - 0x00007ff93e62e000 	C:\Users\rich8\.p2\pool\plugins\org.eclipse.justj.openjdk.hotspot.jre.full.win32.x86_64_18.0.1.v20220515-1614\jre\bin\instrument.dll
0x00007ff939fa0000 - 0x00007ff939fc5000 	C:\Users\rich8\.p2\pool\plugins\org.eclipse.justj.openjdk.hotspot.jre.full.win32.x86_64_18.0.1.v20220515-1614\jre\bin\java.dll
0x00007ff939f80000 - 0x00007ff939f98000 	C:\Users\rich8\.p2\pool\plugins\org.eclipse.justj.openjdk.hotspot.jre.full.win32.x86_64_18.0.1.v20220515-1614\jre\bin\zip.dll
0x00007ff952df0000 - 0x00007ff953534000 	C:\Windows\System32\SHELL32.dll
0x00007ff94fbe0000 - 0x00007ff950372000 	C:\Windows\SYSTEM32\windows.storage.dll
0x00007ff954070000 - 0x00007ff9543c5000 	C:\Windows\System32\combase.dll
0x00007ff951560000 - 0x00007ff951590000 	C:\Windows\SYSTEM32\Wldp.dll
0x00007ff953e00000 - 0x00007ff953ead000 	C:\Windows\System32\SHCORE.dll
0x00007ff953950000 - 0x00007ff9539a5000 	C:\Windows\System32\shlwapi.dll
0x00007ff951a40000 - 0x00007ff951a5f000 	C:\Windows\SYSTEM32\profapi.dll
0x00007ff94dd30000 - 0x00007ff94dd3c000 	C:\Users\rich8\.p2\pool\plugins\org.eclipse.justj.openjdk.hotspot.jre.full.win32.x86_64_18.0.1.v20220515-1614\jre\bin\dt_socket.dll
0x00007ff950ed0000 - 0x00007ff950f0b000 	C:\Windows\SYSTEM32\IPHLPAPI.DLL
0x00007ff951250000 - 0x00007ff9512ba000 	C:\Windows\system32\mswsock.dll
0x00007ff950f10000 - 0x00007ff950fda000 	C:\Windows\SYSTEM32\DNSAPI.dll
0x00007ff953eb0000 - 0x00007ff953eb8000 	C:\Windows\System32\NSI.dll
0x000000006b440000 - 0x000000006b466000 	C:\Program Files\Bonjour\mdnsNSP.dll
0x00007ff942600000 - 0x00007ff94260a000 	C:\Windows\System32\rasadhlp.dll
0x00007ff942670000 - 0x00007ff9426f0000 	C:\Windows\System32\fwpuclnt.dll
0x00007ff952270000 - 0x00007ff952297000 	C:\Windows\System32\bcrypt.dll
0x00007ff939f60000 - 0x00007ff939f73000 	C:\Users\rich8\.p2\pool\plugins\org.eclipse.justj.openjdk.hotspot.jre.full.win32.x86_64_18.0.1.v20220515-1614\jre\bin\net.dll
0x00007ff94b430000 - 0x00007ff94b53c000 	C:\Windows\SYSTEM32\WINHTTP.dll
0x00007ff939f40000 - 0x00007ff939f56000 	C:\Users\rich8\.p2\pool\plugins\org.eclipse.justj.openjdk.hotspot.jre.full.win32.x86_64_18.0.1.v20220515-1614\jre\bin\nio.dll
0x00007ff93aa50000 - 0x00007ff93aa59000 	C:\Users\rich8\.p2\pool\plugins\org.eclipse.justj.openjdk.hotspot.jre.full.win32.x86_64_18.0.1.v20220515-1614\jre\bin\management.dll
0x00007ff93a9a0000 - 0x00007ff93a9ab000 	C:\Users\rich8\.p2\pool\plugins\org.eclipse.justj.openjdk.hotspot.jre.full.win32.x86_64_18.0.1.v20220515-1614\jre\bin\management_ext.dll
0x00007ff942780000 - 0x00007ff942797000 	C:\Windows\system32\napinsp.dll
0x00007ff942760000 - 0x00007ff94277b000 	C:\Windows\system32\pnrpnsp.dll
0x00007ff942740000 - 0x00007ff942755000 	C:\Windows\system32\wshbth.dll
0x00007ff94d7f0000 - 0x00007ff94d80d000 	C:\Windows\system32\NLAapi.dll
0x00007ff942720000 - 0x00007ff942732000 	C:\Windows\System32\winrnr.dll
0x00007ff951460000 - 0x00007ff951478000 	C:\Windows\SYSTEM32\CRYPTSP.dll
0x00007ff950b00000 - 0x00007ff950b34000 	C:\Windows\system32\rsaenh.dll
0x00007ff9519c0000 - 0x00007ff9519ee000 	C:\Windows\SYSTEM32\USERENV.dll
0x00007ff951480000 - 0x00007ff95148c000 	C:\Windows\SYSTEM32\CRYPTBASE.dll
0x00007ff94ba10000 - 0x00007ff94ba27000 	C:\Windows\SYSTEM32\dhcpcsvc6.DLL
0x00007ff94c130000 - 0x00007ff94c14d000 	C:\Windows\SYSTEM32\dhcpcsvc.DLL
0x00007ff93def0000 - 0x00007ff93df00000 	C:\Users\rich8\.p2\pool\plugins\org.eclipse.justj.openjdk.hotspot.jre.full.win32.x86_64_18.0.1.v20220515-1614\jre\bin\verify.dll
0x00007ff93ccc0000 - 0x00007ff93ccce000 	C:\Users\rich8\.p2\pool\plugins\org.eclipse.justj.openjdk.hotspot.jre.full.win32.x86_64_18.0.1.v20220515-1614\jre\bin\sunmscapi.dll
0x00007ff9522a0000 - 0x00007ff9523f6000 	C:\Windows\System32\CRYPT32.dll
0x00007ff9515d0000 - 0x00007ff9515f7000 	C:\Windows\SYSTEM32\ncrypt.dll
0x00007ff951590000 - 0x00007ff9515cb000 	C:\Windows\SYSTEM32\NTASN1.dll

dbghelp: loaded successfully - version: 4.0.5 - missing functions: none
symbol engine: initialized successfully - sym options: 0x614 - pdb path: .;C:\Users\rich8\.p2\pool\plugins\org.eclipse.justj.openjdk.hotspot.jre.full.win32.x86_64_18.0.1.v20220515-1614\jre\bin;C:\Windows\SYSTEM32;C:\Windows\WinSxS\amd64_microsoft.windows.common-controls_6595b64144ccf1df_6.0.19041.1110_none_60b5254171f9507e;C:\Users\rich8\.p2\pool\plugins\org.eclipse.justj.openjdk.hotspot.jre.full.win32.x86_64_18.0.1.v20220515-1614\jre\bin\server;C:\Program Files\Bonjour

VM Arguments:
jvm_args: -XX:+ShowCodeDetailsInExceptionMessages -agentlib:jdwp=transport=dt_socket,suspend=y,address=localhost:64096 -Dcom.sun.management.jmxremote -Dcom.sun.management.jmxremote.port=64092 -Dcom.sun.management.jmxremote.authenticate=false -Dcom.sun.management.jmxremote.ssl=false -Djava.rmi.server.hostname=localhost -Dspring.jmx.enabled=true -Dspring.application.admin.enabled=true -XX:TieredStopAtLevel=1 -Dspring.boot.project.name=cathayDemo -javaagent:C:\Users\rich8\eclipse\jee-2022-03\eclipse\configuration\org.eclipse.osgi\422\0\.cp\lib\javaagent-shaded.jar -Dfile.encoding=UTF-8 
java_command: com.cathey.tw.api.CathayDemoApplication
java_class_path (initial): C:\Users\rich8\eclipse-workspace\cathayDemo\target\classes;C:\Users\rich8\.m2\repository\org\springframework\boot\spring-boot-starter-web\3.0.1\spring-boot-starter-web-3.0.1.jar;C:\Users\rich8\.m2\repository\org\springframework\boot\spring-boot-starter\3.0.1\spring-boot-starter-3.0.1.jar;C:\Users\rich8\.m2\repository\org\springframework\boot\spring-boot-starter-logging\3.0.1\spring-boot-starter-logging-3.0.1.jar;C:\Users\rich8\.m2\repository\ch\qos\logback\logback-classic\1.4.5\logback-classic-1.4.5.jar;C:\Users\rich8\.m2\repository\ch\qos\logback\logback-core\1.4.5\logback-core-1.4.5.jar;C:\Users\rich8\.m2\repository\org\apache\logging\log4j\log4j-to-slf4j\2.19.0\log4j-to-slf4j-2.19.0.jar;C:\Users\rich8\.m2\repository\org\apache\logging\log4j\log4j-api\2.19.0\log4j-api-2.19.0.jar;C:\Users\rich8\.m2\repository\org\slf4j\jul-to-slf4j\2.0.6\jul-to-slf4j-2.0.6.jar;C:\Users\rich8\.m2\repository\org\yaml\snakeyaml\1.33\snakeyaml-1.33.jar;C:\Users\rich8\.m2\repository\org\springframework\boot\spring-boot-starter-json\3.0.1\spring-boot-starter-json-3.0.1.jar;C:\Users\rich8\.m2\repository\com\fasterxml\jackson\datatype\jackson-datatype-jdk8\2.14.1\jackson-datatype-jdk8-2.14.1.jar;C:\Users\rich8\.m2\repository\com\fasterxml\jackson\datatype\jackson-datatype-jsr310\2.14.1\jackson-datatype-jsr310-2.14.1.jar;C:\Users\rich8\.m2\repository\com\fasterxml\jackson\module\jackson-module-parameter-names\2.14.1\jackson-module-parameter-names-2.14.1.jar;C:\Users\rich8\.m2\repository\org\springframework\spring-web\6.0.3\spring-web-6.0.3.jar;C:\Users\rich8\.m2\repository\org\springframework\spring-beans\6.0.3\spring-beans-6.0.3.jar;C:\Users\rich8\.m2\repository\io\micrometer\micrometer-observation\1.10.2\micrometer-observation-1.10.2.jar;C:\Users\rich8\.m2\repository\io\micrometer\micrometer-commons\1.10.2\micrometer-commons-1.10.2.jar;C:\Users\rich8\.m2\repository\org\springframework\spring-webmvc\6.0.3\spring-webmvc-6.0.3.jar;C:\Users\rich8\.m2\repository\org\springframework\spring-aop\6.0.3\spring-aop-6.0.3.jar;C:\Users\rich8\.m2\repository\org\springframework\spring-context\6.0.3\spring-context-6.0.3.jar;C:\Users\rich8\.m2\repository\org\springframework\spring-expression\6.0.3\spring-expression-6.0.3.jar;C:\Users\rich8\.m2\repository\org\thymeleaf\thymeleaf\3.1.1.RELEASE\thymeleaf-3.1.1.RELEASE.jar;C:\Users\rich8\.m2\repository\ognl\ognl\3.3.4\ognl-3.3.4.jar;C:\Users\rich8\.m2\repository\org\javassist\javassist\3.29.0-GA\javassist-3.29.0-GA.jar;C:\Users\rich8\.m2\repository\org\attoparser\attoparser\2.0.6.RELEASE\attoparser-2.0.6.RELEASE.jar;C:\Users\rich8\.m2\repository\org\unbescape\unbescape\1.1.6.RELEASE\unbescape-1.1.6.RELEASE.jar;C:\Users\rich8\.m2\repository\org\slf4j\slf4j-api\2.0.6\slf4j-api-2.0.6.jar;C:\Users\rich8\.m2\repository\org\springframework\cloud\spring-cloud-starter-openfeign\4.0.0\spring-cloud-starter-openfeign-4.0.0.jar;C:\Users\rich8\.m2\repository\org\springframework\cloud\spring-cloud-starter\4.0.0\spring-cloud-starter-4.0.0.jar;C:\Users\rich8\.m2\repository\org\springframework\cloud\spring-cloud-context\4.0.0\spring-cloud-context-4.0.0.jar;C:\Users\rich8\.m2\repository\org\springframework\security\spring-security-rsa\1.0.11.RELEASE\spring-security-rsa-1.0.11.RELEASE.jar;C:\Users\rich8\.m2\repository\org\bouncycastle\bcpkix-jdk15on\1.69\bcpkix-jdk15on-1.69.jar;C:\Users\rich8\.m2\repository\org\bouncycastle\bcprov-jdk15on\1.69\bcprov-jdk15on-1.69.jar;C:\Users\rich8\.m2\repository\org\bouncycastle\bcutil-jdk15on\1.69\bcutil-jdk15on-1.69.jar;C:\Users\rich8\.m2\repository\org\springframework\cloud\spring-cloud-openfeign-core\4.0.0\spring-cloud-openfeign-core-4.0.0.jar;C:\Users\rich8\.m2\repository\io\github\openfeign\form\feign-form-spring\3.8.0\feign-form-spring-3.8.0.jar;C:\Users\rich8\.m2\repository\io\github\openfeign\form\feign-form\3.8.0\feign-form-3.8.0.jar;C:\Users\rich8\.m2\repository\commons-fileupload\commons-fileupload\1.4\commons-fileupload-1.4.jar;C:\Users\rich8\.m2\repository\org\springframework\cloud\spring-cloud-commons\4.0.0\spring-cloud-commons-4.0.0.jar;C:\Users\rich8\.m2\repository\org\springframework\security\spring-security-crypto\6.0.1\spring-security-crypto-6.0.1.jar;C:\Users\rich8\.m2\repository\io\github\openfeign\feign-core\12.1\feign-core-12.1.jar;C:\Users\rich8\.m2\repository\io\github\openfeign\feign-slf4j\12.1\feign-slf4j-12.1.jar;C:\Users\rich8\.m2\repository\org\springframework\boot\spring-boot-devtools\3.0.1\spring-boot-devtools-3.0.1.jar;C:\Users\rich8\.m2\repository\org\springframework\boot\spring-boot\3.0.1\spring-boot-3.0.1.jar;C:\Users\rich8\.m2\repository\org\springframework\boot\spring-boot-autoconfigure\3.0.1\spring-boot-autoconfigure-3.0.1.jar;C:\Users\rich8\.m2\repository\org\springframework\boot\spring-boot-starter-data-jpa\3.0.1\spring-boot-starter-data-jpa-3.0.1.jar;C:\Users\rich8\.m2\repository\org\springframework\boot\spring-boot-starter-aop\3.0.1\spring-boot-starter-aop-3.0.1.jar;C:\Users\rich8\.m2\repository\org\aspectj\aspectjweaver\1.9.19\aspectjweaver-1.9.19.jar;C:\Users\rich8\.m2\repository\org\springframework\boot\spring-boot-starter-jdbc\3.0.1\spring-boot-starter-jdbc-3.0.1.jar;C:\Users\rich8\.m2\repository\com\zaxxer\HikariCP\5.0.1\HikariCP-5.0.1.jar;C:\Users\rich8\.m2\repository\org\springframework\spring-jdbc\6.0.3\spring-jdbc-6.0.3.jar;C:\Users\rich8\.m2\repository\org\hibernate\orm\hibernate-core\6.1.6.Final\hibernate-core-6.1.6.Final.jar;C:\Users\rich8\.m2\repository\jakarta\persistence\jakarta.persistence-api\3.1.0\jakarta.persistence-api-3.1.0.jar;C:\Users\rich8\.m2\repository\jakarta\transaction\jakarta.transaction-api\2.0.1\jakarta.transaction-api-2.0.1.jar;C:\Users\rich8\.m2\repository\org\jboss\logging\jboss-logging\3.5.0.Final\jboss-logging-3.5.0.Final.jar;C:\Users\rich8\.m2\repository\org\hibernate\common\hibernate-commons-annotations\6.0.2.Final\hibernate-commons-annotations-6.0.2.Final.jar;C:\Users\rich8\.m2\repository\org\jboss\jandex\2.4.2.Final\jandex-2.4.2.Final.jar;C:\Users\rich8\.m2\repository\com\fasterxml\classmate\1.5.1\classmate-1.5.1.jar;C:\Users\rich8\.m2\repository\net\bytebuddy\byte-buddy\1.12.20\byte-buddy-1.12.20.jar;C:\Users\rich8\.m2\repository\org\glassfish\jaxb\jaxb-runtime\4.0.1\jaxb-runtime-4.0.1.jar;C:\Users\rich8\.m2\repository\org\glassfish\jaxb\jaxb-core\4.0.1\jaxb-core-4.0.1.jar;C:\Users\rich8\.m2\repository\org\eclipse\angus\angus-activation\1.0.0\angus-activation-1.0.0.jar;C:\Users\rich8\.m2\repository\org\glassfish\jaxb\txw2\4.0.1\txw2-4.0.1.jar;C:\Users\rich8\.m2\repository\com\sun\istack\istack-commons-runtime\4.1.1\istack-commons-runtime-4.1.1.jar;C:\Users\rich8\.m2\repository\jakarta\inject\jakarta.inject-api\2.0.0\jakarta.inject-api-2.0.0.jar;C:\Users\rich8\.m2\repository\org\antlr\antlr4-runtime\4.10.1\antlr4-runtime-4.10.1.jar;C:\Users\rich8\.m2\repository\org\springframework\data\spring-data-jpa\3.0.0\spring-data-jpa-3.0.0.jar;C:\Users\rich8\.m2\repository\org\springframework\data\spring-data-commons\3.0.0\spring-data-commons-3.0.0.jar;C:\Users\rich8\.m2\repository\org\springframework\spring-orm\6.0.3\spring-orm-6.0.3.jar;C:\Users\rich8\.m2\repository\org\springframework\spring-tx\6.0.3\spring-tx-6.0.3.jar;C:\Users\rich8\.m2\repository\org\springframework\spring-aspects\6.0.3\spring-aspects-6.0.3.jar;C:\Users\rich8\.m2\repository\org\projectlombok\lombok\1.18.24\lombok-1.18.24.jar;C:\Users\rich8\.m2\repository\com\h2database\h2\2.1.214\h2-2.1.214.jar;C:\Users\rich8\.m2\repository\org\springframework\boot\spring-boot-starter-tomcat\3.0.1\spring-boot-starter-tomcat-3.0.1.jar;C:\Users\rich8\.m2\repository\jakarta\annotation\jakarta.annotation-api\2.1.1\jakarta.annotation-api-2.1.1.jar;C:\Users\rich8\.m2\repository\org\apache\tomcat\embed\tomcat-embed-core\10.1.4\tomcat-embed-core-10.1.4.jar;C:\Users\rich8\.m2\repository\org\apache\tomcat\embed\tomcat-embed-el\10.1.4\tomcat-embed-el-10.1.4.jar;C:\Users\rich8\.m2\repository\org\apache\tomcat\embed\tomcat-embed-websocket\10.1.4\tomcat-embed-websocket-10.1.4.jar;C:\Users\rich8\.m2\repository\jakarta\xml\bind\jakarta.xml.bind-api\4.0.0\jakarta.xml.bind-api-4.0.0.jar;C:\Users\rich8\.m2\repository\jakarta\activation\jakarta.activation-api\2.1.0\jakarta.activation-api-2.1.0.jar;C:\Users\rich8\.m2\repository\org\springframework\spring-core\6.0.3\spring-core-6.0.3.jar;C:\Users\rich8\.m2\repository\org\springframework\spring-jcl\6.0.3\spring-jcl-6.0.3.jar;C:\Users\rich8\.m2\repository\com\fasterxml\jackson\core\jackson-core\2.14.1\jackson-core-2.14.1.jar;C:\Users\rich8\.m2\repository\com\fasterxml\jackson\core\jackson-annotations\2.14.1\jackson-annotations-2.14.1.jar;C:\Users\rich8\.m2\repository\com\fasterxml\jackson\core\jackson-databind\2.14.1\jackson-databind-2.14.1.jar
Launcher Type: SUN_STANDARD

[Global flags]
     intx CICompilerCount                          = 4                                         {product} {ergonomic}
     uint ConcGCThreads                            = 3                                         {product} {ergonomic}
     uint G1ConcRefinementThreads                  = 10                                        {product} {ergonomic}
   size_t G1HeapRegionSize                         = 2097152                                   {product} {ergonomic}
    uintx GCDrainStackTargetSize                   = 64                                        {product} {ergonomic}
   size_t InitialHeapSize                          = 268435456                                 {product} {ergonomic}
     bool ManagementServer                         = true                                      {product} {command line}
   size_t MarkStackSize                            = 4194304                                   {product} {ergonomic}
   size_t MaxHeapSize                              = 4278190080                                {product} {ergonomic}
   size_t MaxNewSize                               = 2566914048                                {product} {ergonomic}
   size_t MinHeapDeltaBytes                        = 2097152                                   {product} {ergonomic}
   size_t MinHeapSize                              = 8388608                                   {product} {ergonomic}
    uintx NonProfiledCodeHeapSize                  = 0                                      {pd product} {ergonomic}
     bool PerfDisableSharedMem                     = true                                      {product} {ergonomic}
     bool ProfileInterpreter                       = false                                  {pd product} {command line}
    uintx ProfiledCodeHeapSize                     = 0                                      {pd product} {ergonomic}
     bool ShowCodeDetailsInExceptionMessages       = true                                   {manageable} {command line}
   size_t SoftMaxHeapSize                          = 4278190080                             {manageable} {ergonomic}
     intx TieredStopAtLevel                        = 1                                         {product} {command line}
     bool UseCompressedClassPointers               = true                           {product lp64_product} {ergonomic}
     bool UseCompressedOops                        = true                           {product lp64_product} {ergonomic}
     bool UseG1GC                                  = true                                      {product} {ergonomic}
     bool UseLargePagesIndividualAllocation        = false                                  {pd product} {ergonomic}

Logging:
Log output configuration:
 #0: stdout all=warning uptime,level,tags foldmultilines=false
 #1: stderr all=off uptime,level,tags foldmultilines=false

Environment Variables:
PATH=C:\Users\rich8\.p2\pool\plugins\org.eclipse.justj.openjdk.hotspot.jre.full.win32.x86_64_18.0.1.v20220515-1614\jre\bin;C:/Users/rich8/.p2/pool/plugins/org.eclipse.justj.openjdk.hotspot.jre.full.win32.x86_64_18.0.1.v20220515-1614/jre/bin/server;C:/Users/rich8/.p2/pool/plugins/org.eclipse.justj.openjdk.hotspot.jre.full.win32.x86_64_18.0.1.v20220515-1614/jre/bin;C:\Program Files (x86)\Common Files\Oracle\Java\javapath;C:\Windows\system32;C:\Windows;C:\Windows\System32\Wbem;C:\Windows\System32\WindowsPowerShell\v1.0\;C:\Windows\System32\OpenSSH\;C:\Program Files\NVIDIA Corporation\NVIDIA NvDLISR;C:\Program Files (x86)\NVIDIA Corporation\PhysX\Common;C:\Program Files\MySQL\MySQL Shell 8.0\bin\;C:\Users\rich8\AppData\Local\Microsoft\WindowsApps;;C:\Users\rich8\AppData\Local\Programs\Microsoft VS Code\bin;C:\Windows\system32;
USERNAME=rich8
OS=Windows_NT
PROCESSOR_IDENTIFIER=Intel64 Family 6 Model 158 Stepping 10, GenuineIntel



---------------  S Y S T E M  ---------------

OS:
 Windows 10 , 64 bit Build 19041 (10.0.19041.2364)
OS uptime: 0 days 9:29 hours

CPU: total 12 (initial active 12) (6 cores per cpu, 2 threads per core) family 6 model 158 stepping 10 microcode 0xb4, cx8, cmov, fxsr, ht, mmx, 3dnowpref, sse, sse2, sse3, ssse3, sse4.1, sse4.2, popcnt, lzcnt, tsc, tscinvbit, avx, avx2, aes, erms, clmul, bmi1, bmi2, rtm, adx, fma, vzeroupper, clflush, clflushopt

Memory: 4k page, system-wide physical 16315M (3536M free)
TotalPageFile size 22059M (AvailPageFile size 3368M)
current process WorkingSet (physical memory assigned to process): 261M, peak: 314M
current process commit charge ("private bytes"): 308M, peak: 372M

vm_info: OpenJDK 64-Bit Server VM (18.0.1+10) for windows-amd64 JRE (18.0.1+10), built on Apr 20 2022 05:04:48 by "" with MS VC++ 16.7 (VS2019)

END.
